#
# A fatal error has been detected by the Java Runtime Environment:
#
#  EXCEPTION_ACCESS_VIOLATION (0xc0000005) at pc=0x617493cd, pid=7696, tid=0x0000173c
#
# JRE version: Java(TM) SE Runtime Environment (8.0_92-b14) (build 1.8.0_92-b14)
# Java VM: Java HotSpot(TM) Client VM (25.92-b14 mixed mode windows-x86 )
# Problematic frame:
# C  [listSerialsj.dll+0x93cd]
#
# Failed to write core dump. Minidumps are not enabled by default on client versions of Windows
#
# If you would like to submit a bug report, please visit:
#   http://bugreport.java.com/bugreport/crash.jsp
# The crash happened outside the Java Virtual Machine in native code.
# See problematic frame for where to report the bug.
#

---------------  T H R E A D  ---------------

Current thread (0x2733a400):  JavaThread "cc.arduino.packages.discoverers.serial.SerialBoardsLister" [_thread_in_native, id=5948, stack(0x262f0000,0x26340000)]

siginfo: ExceptionCode=0xc0000005, writing address 0x00000000

Registers:
EAX=0x00000000, EBX=0x00000ae4, ECX=0x00000000, EDX=0x00000001
ESP=0x2633eb60, EBP=0x2633efb8, ESI=0x00000001, EDI=0x00db8bc0
EIP=0x617493cd, EFLAGS=0x00010246

Top of Stack: (sp=0x2633eb60)
0x2633eb60:   01022728 0000002e 00000002 00000000
0x2633eb70:   00000003 00000000 00000000 00000000
0x2633eb80:   2633f414 2633f180 0000006b 7596a540
0x2633eb90:   283f5e70 00e62ed8 00db8908 00000074
0x2633eba0:   02d90110 2633eb00 00000050 00000002
0x2633ebb0:   00000001 0000006b 00000032 0000008e
0x2633ebc0:   008e0023 00000000 384d4f43 002c9300
0x2633ebd0:   00425355 2633ee74 2633ee24 272c9368 

Instructions: (pc=0x617493cd)
0x617493ad:   8b 45 08 8b 90 94 00 00 00 85 d2 74 16 8b 40 2c
0x617493bd:   c7 44 24 04 2e 00 00 00 89 04 24 e8 73 14 00 00
0x617493cd:   c6 00 00 8d 85 04 fc ff ff 89 44 24 18 8d 85 0a
0x617493dd:   fc ff ff 89 44 24 10 a1 e4 01 75 61 c7 85 04 fc 


Register to memory mapping:

EAX=0x00000000 is an unknown value
EBX=0x00000ae4 is an unknown value
ECX=0x00000000 is an unknown value
EDX=0x00000001 is an unknown value
ESP=0x2633eb60 is pointing into the stack for thread: 0x2733a400
EBP=0x2633efb8 is pointing into the stack for thread: 0x2733a400
ESI=0x00000001 is an unknown value
EDI=0x00db8bc0 is an unknown value


Stack: [0x262f0000,0x26340000],  sp=0x2633eb60,  free space=314k
Native frames: (J=compiled Java code, j=interpreted, Vv=VM code, C=native code)
C  [listSerialsj.dll+0x93cd]
C  [listSerialsj.dll+0x2211]

Java frames: (J=compiled Java code, j=interpreted, Vv=VM code)
J 1854  processing.app.Platform.listSerialsNative()[Ljava/lang/String; (0 bytes) @ 0x02ef638f [0x02ef6350+0x3f]
J 1859 C1 cc.arduino.packages.discoverers.serial.SerialBoardsLister.retriggerDiscovery(Z)V (751 bytes) @ 0x02ef84e4 [0x02ef8390+0x154]
J 1860 C1 cc.arduino.packages.discoverers.serial.SerialBoardsLister.run()V (13 bytes) @ 0x02efbe54 [0x02efbe10+0x44]
J 1848% C1 java.util.TimerThread.mainLoop()V (232 bytes) @ 0x02ef4a14 [0x02ef45e0+0x434]
j  java.util.TimerThread.run()V+1
v  ~StubRoutines::call_stub

---------------  P R O C E S S  ---------------

Java Threads: ( => current thread )
  0x27861400 JavaThread "DestroyJavaVM" [_thread_blocked, id=3368, stack(0x027e0000,0x02830000)]
  0x27868000 JavaThread "TimerQueue" daemon [_thread_blocked, id=4792, stack(0x28860000,0x288b0000)]
  0x2742ec00 JavaThread "AWT-EventQueue-0" [_thread_blocked, id=12148, stack(0x280d0000,0x28120000)]
  0x2742e000 JavaThread "AWT-Shutdown" [_thread_blocked, id=5136, stack(0x28040000,0x28090000)]
  0x2742d800 JavaThread "Batik CleanerThread" daemon [_thread_blocked, id=9032, stack(0x25a10000,0x25a60000)]
  0x2742cc00 JavaThread "JmDNS(Lappy-486.local.).Timer" daemon [_thread_blocked, id=5960, stack(0x266a0000,0x266f0000)]
  0x2742f800 JavaThread "JmDNS(Lappy-486.local.).State.Timer" [_thread_blocked, id=7100, stack(0x26610000,0x26660000)]
  0x2742e800 JavaThread "JmDNS(Lappy-486.local.).Timer" daemon [_thread_blocked, id=6968, stack(0x26580000,0x265d0000)]
  0x2742c800 JavaThread "SocketListener(Lappy-486.local.)" daemon [_thread_in_native, id=9768, stack(0x264f0000,0x26540000)]
  0x2742d400 JavaThread "JmDNS(Lappy-486.local.).Timer" daemon [_thread_blocked, id=10500, stack(0x28310000,0x28360000)]
  0x27430000 JavaThread "JmDNS(Lappy-486.local.).State.Timer" [_thread_blocked, id=5660, stack(0x28280000,0x282d0000)]
  0x273d2000 JavaThread "JmDNS(Lappy-486.local.).Timer" daemon [_thread_blocked, id=8872, stack(0x281f0000,0x28240000)]
  0x273d1c00 JavaThread "SocketListener(Lappy-486.local.)" daemon [_thread_in_native, id=2844, stack(0x28160000,0x281b0000)]
  0x2733bc00 JavaThread "cc.arduino.packages.discoverers.network.BoardReachabilityFilter" [_thread_blocked, id=6044, stack(0x27d80000,0x27dd0000)]
  0x2733ac00 JavaThread "cc.arduino.packages.discoverers.network.NetworkChecker" [_thread_blocked, id=11588, stack(0x27cf0000,0x27d40000)]
=>0x2733a400 JavaThread "cc.arduino.packages.discoverers.serial.SerialBoardsLister" [_thread_in_native, id=5948, stack(0x262f0000,0x26340000)]
  0x25e62400 JavaThread "AWT-Windows" daemon [_thread_in_native, id=6944, stack(0x26380000,0x263d0000)]
  0x25e60400 JavaThread "Java2D Disposer" daemon [_thread_blocked, id=4992, stack(0x26260000,0x262b0000)]
  0x25378400 JavaThread "Service Thread" daemon [_thread_blocked, id=11976, stack(0x25c50000,0x25ca0000)]
  0x25370c00 JavaThread "C1 CompilerThread0" daemon [_thread_blocked, id=9924, stack(0x25bc0000,0x25c10000)]
  0x2536fc00 JavaThread "Attach Listener" daemon [_thread_blocked, id=11356, stack(0x25b30000,0x25b80000)]
  0x2536c400 JavaThread "Signal Dispatcher" daemon [_thread_blocked, id=5900, stack(0x25aa0000,0x25af0000)]
  0x2535b400 JavaThread "Finalizer" daemon [_thread_blocked, id=11208, stack(0x25880000,0x258d0000)]
  0x25345800 JavaThread "Reference Handler" daemon [_thread_blocked, id=11660, stack(0x252a0000,0x252f0000)]

Other Threads:
  0x0298d800 VMThread [stack: 0x02b60000,0x02bb0000] [id=11504]
  0x2537d800 WatcherThread [stack: 0x25ce0000,0x25d30000] [id=9148]

VM state:not at safepoint (normal execution)

VM Mutex/Monitor currently owned by a thread: None

Heap:
 def new generation   total 39424K, used 7216K [0x04c00000, 0x076c0000, 0x0f6a0000)
  eden space 35072K,  20% used [0x04c00000, 0x05307c80, 0x06e40000)
  from space 4352K,   0% used [0x06e40000, 0x06e446c0, 0x07280000)
  to   space 4352K,   0% used [0x07280000, 0x07280000, 0x076c0000)
 tenured generation   total 87424K, used 41666K [0x0f6a0000, 0x14c00000, 0x24c00000)
   the space 87424K,  47% used [0x0f6a0000, 0x11f50898, 0x11f50a00, 0x14c00000)
 Metaspace       used 18262K, capacity 18702K, committed 18816K, reserved 18816K

Card table byte_map: [0x24c00000,0x24d10000] byte_map_base: 0x24bda000

Polling page: 0x00fa0000

CodeCache: size=32768Kb used=2498Kb max_used=3918Kb free=30269Kb
 bounds [0x02bc0000, 0x02f98000, 0x04bc0000]
 total_blobs=1523 nmethods=1248 adapters=205
 compilation: enabled

Compilation events (10 events):
Event: 5247.562 Thread 0x25370c00 2947             sun.java2d.SunGraphics2D::validateColor (102 bytes)
Event: 5247.563 Thread 0x25370c00 nmethod 2947 0x02f16c88 code [0x02f16da0, 0x02f16f08]
Event: 5247.563 Thread 0x25370c00 2948             org.fife.ui.rsyntaxtextarea.folding.FoldManager::getFoldForLineImpl (126 bytes)
Event: 5247.564 Thread 0x25370c00 nmethod 2948 0x02e9dc88 code [0x02e9ddd0, 0x02e9dfbc]
Event: 5248.500 Thread 0x25370c00 2949             sun.java2d.pipe.Region::dimAdd (20 bytes)
Event: 5248.501 Thread 0x25370c00 nmethod 2949 0x02f03688 code [0x02f03780, 0x02f03820]
Event: 5248.502 Thread 0x25370c00 2950             sun.java2d.SurfaceData::pixelFor (13 bytes)
Event: 5248.502 Thread 0x25370c00 nmethod 2950 0x02f16a48 code [0x02f16b50, 0x02f16bfc]
Event: 5251.005 Thread 0x25370c00 2951             sun.awt.image.PixelConverter$Xrgb::rgbToPixel (2 bytes)
Event: 5251.005 Thread 0x25370c00 nmethod 2951 0x02f16888 code [0x02f16980, 0x02f16a00]

GC Heap History (10 events):
Event: 3525.291 GC heap before
{Heap before GC invocations=18 (full 1):
 def new generation   total 39424K, used 35073K [0x04c00000, 0x076c0000, 0x0f6a0000)
  eden space 35072K, 100% used [0x04c00000, 0x06e40000, 0x06e40000)
  from space 4352K,   0% used [0x07280000, 0x07280468, 0x076c0000)
  to   space 4352K,   0% used [0x06e40000, 0x06e40000, 0x07280000)
 tenured generation   total 87424K, used 41666K [0x0f6a0000, 0x14c00000, 0x24c00000)
   the space 87424K,  47% used [0x0f6a0000, 0x11f50898, 0x11f50a00, 0x14c00000)
 Metaspace       used 18262K, capacity 18702K, committed 18816K, reserved 18816K
Event: 3525.295 GC heap after
Heap after GC invocations=19 (full 1):
 def new generation   total 39424K, used 1K [0x04c00000, 0x076c0000, 0x0f6a0000)
  eden space 35072K,   0% used [0x04c00000, 0x04c00000, 0x06e40000)
  from space 4352K,   0% used [0x06e40000, 0x06e405e8, 0x07280000)
  to   space 4352K,   0% used [0x07280000, 0x07280000, 0x076c0000)
 tenured generation   total 87424K, used 41666K [0x0f6a0000, 0x14c00000, 0x24c00000)
   the space 87424K,  47% used [0x0f6a0000, 0x11f50898, 0x11f50a00, 0x14c00000)
 Metaspace       used 18262K, capacity 18702K, committed 18816K, reserved 18816K
}
Event: 3926.794 GC heap before
{Heap before GC invocations=19 (full 1):
 def new generation   total 39424K, used 35073K [0x04c00000, 0x076c0000, 0x0f6a0000)
  eden space 35072K, 100% used [0x04c00000, 0x06e40000, 0x06e40000)
  from space 4352K,   0% used [0x06e40000, 0x06e405e8, 0x07280000)
  to   space 4352K,   0% used [0x07280000, 0x07280000, 0x076c0000)
 tenured generation   total 87424K, used 41666K [0x0f6a0000, 0x14c00000, 0x24c00000)
   the space 87424K,  47% used [0x0f6a0000, 0x11f50898, 0x11f50a00, 0x14c00000)
 Metaspace       used 18262K, capacity 18702K, committed 18816K, reserved 18816K
Event: 3926.798 GC heap after
Heap after GC invocations=20 (full 1):
 def new generation   total 39424K, used 20K [0x04c00000, 0x076c0000, 0x0f6a0000)
  eden space 35072K,   0% used [0x04c00000, 0x04c00000, 0x06e40000)
  from space 4352K,   0% used [0x07280000, 0x07285050, 0x076c0000)
  to   space 4352K,   0% used [0x06e40000, 0x06e40000, 0x07280000)
 tenured generation   total 87424K, used 41666K [0x0f6a0000, 0x14c00000, 0x24c00000)
   the space 87424K,  47% used [0x0f6a0000, 0x11f50898, 0x11f50a00, 0x14c00000)
 Metaspace       used 18262K, capacity 18702K, committed 18816K, reserved 18816K
}
Event: 4337.299 GC heap before
{Heap before GC invocations=20 (full 1):
 def new generation   total 39424K, used 35092K [0x04c00000, 0x076c0000, 0x0f6a0000)
  eden space 35072K, 100% used [0x04c00000, 0x06e40000, 0x06e40000)
  from space 4352K,   0% used [0x07280000, 0x07285050, 0x076c0000)
  to   space 4352K,   0% used [0x06e40000, 0x06e40000, 0x07280000)
 tenured generation   total 87424K, used 41666K [0x0f6a0000, 0x14c00000, 0x24c00000)
   the space 87424K,  47% used [0x0f6a0000, 0x11f50898, 0x11f50a00, 0x14c00000)
 Metaspace       used 18262K, capacity 18702K, committed 18816K, reserved 18816K
Event: 4337.301 GC heap after
Heap after GC invocations=21 (full 1):
 def new generation   total 39424K, used 18K [0x04c00000, 0x076c0000, 0x0f6a0000)
  eden space 35072K,   0% used [0x04c00000, 0x04c00000, 0x06e40000)
  from space 4352K,   0% used [0x06e40000, 0x06e44880, 0x07280000)
  to   space 4352K,   0% used [0x07280000, 0x07280000, 0x076c0000)
 tenured generation   total 87424K, used 41666K [0x0f6a0000, 0x14c00000, 0x24c00000)
   the space 87424K,  47% used [0x0f6a0000, 0x11f50898, 0x11f50a00, 0x14c00000)
 Metaspace       used 18262K, capacity 18702K, committed 18816K, reserved 18816K
}
Event: 4758.490 GC heap before
{Heap before GC invocations=21 (full 1):
 def new generation   total 39424K, used 35090K [0x04c00000, 0x076c0000, 0x0f6a0000)
  eden space 35072K, 100% used [0x04c00000, 0x06e40000, 0x06e40000)
  from space 4352K,   0% used [0x06e40000, 0x06e44880, 0x07280000)
  to   space 4352K,   0% used [0x07280000, 0x07280000, 0x076c0000)
 tenured generation   total 87424K, used 41666K [0x0f6a0000, 0x14c00000, 0x24c00000)
   the space 87424K,  47% used [0x0f6a0000, 0x11f50898, 0x11f50a00, 0x14c00000)
 Metaspace       used 18262K, capacity 18702K, committed 18816K, reserved 18816K
Event: 4758.495 GC heap after
Heap after GC invocations=22 (full 1):
 def new generation   total 39424K, used 17K [0x04c00000, 0x076c0000, 0x0f6a0000)
  eden space 35072K,   0% used [0x04c00000, 0x04c00000, 0x06e40000)
  from space 4352K,   0% used [0x07280000, 0x07284750, 0x076c0000)
  to   space 4352K,   0% used [0x06e40000, 0x06e40000, 0x07280000)
 tenured generation   total 87424K, used 41666K [0x0f6a0000, 0x14c00000, 0x24c00000)
   the space 87424K,  47% used [0x0f6a0000, 0x11f50898, 0x11f50a00, 0x14c00000)
 Metaspace       used 18262K, capacity 18702K, committed 18816K, reserved 18816K
}
Event: 5176.966 GC heap before
{Heap before GC invocations=22 (full 1):
 def new generation   total 39424K, used 35089K [0x04c00000, 0x076c0000, 0x0f6a0000)
  eden space 35072K, 100% used [0x04c00000, 0x06e40000, 0x06e40000)
  from space 4352K,   0% used [0x07280000, 0x07284750, 0x076c0000)
  to   space 4352K,   0% used [0x06e40000, 0x06e40000, 0x07280000)
 tenured generation   total 87424K, used 41666K [0x0f6a0000, 0x14c00000, 0x24c00000)
   the space 87424K,  47% used [0x0f6a0000, 0x11f50898, 0x11f50a00, 0x14c00000)
 Metaspace       used 18262K, capacity 18702K, committed 18816K, reserved 18816K
Event: 5176.969 GC heap after
Heap after GC invocations=23 (full 1):
 def new generation   total 39424K, used 17K [0x04c00000, 0x076c0000, 0x0f6a0000)
  eden space 35072K,   0% used [0x04c00000, 0x04c00000, 0x06e40000)
  from space 4352K,   0% used [0x06e40000, 0x06e446c0, 0x07280000)
  to   space 4352K,   0% used [0x07280000, 0x07280000, 0x076c0000)
 tenured generation   total 87424K, used 41666K [0x0f6a0000, 0x14c00000, 0x24c00000)
   the space 87424K,  47% used [0x0f6a0000, 0x11f50898, 0x11f50a00, 0x14c00000)
 Metaspace       used 18262K, capacity 18702K, committed 18816K, reserved 18816K
}

Deoptimization events (0 events):
No events

Internal exceptions (10 events):
Event: 2522.135 Thread 0x27865800 Exception <a 'sun/nio/fs/WindowsException'> (0x05732670) thrown at [C:\workspace\8-2-build-windows-i586-cygwin\jdk8u92\6642\hotspot\src\share\vm\prims\jni.cpp, line 709]
Event: 2522.135 Thread 0x27865800 Exception <a 'sun/nio/fs/WindowsException'> (0x05732bd8) thrown at [C:\workspace\8-2-build-windows-i586-cygwin\jdk8u92\6642\hotspot\src\share\vm\prims\jni.cpp, line 709]
Event: 2522.138 Thread 0x27865800 Exception <a 'sun/nio/fs/WindowsException'> (0x0574a1d0) thrown at [C:\workspace\8-2-build-windows-i586-cygwin\jdk8u92\6642\hotspot\src\share\vm\prims\jni.cpp, line 709]
Event: 2522.138 Thread 0x27865800 Exception <a 'sun/nio/fs/WindowsException'> (0x0574a738) thrown at [C:\workspace\8-2-build-windows-i586-cygwin\jdk8u92\6642\hotspot\src\share\vm\prims\jni.cpp, line 709]
Event: 2522.140 Thread 0x27865800 Exception <a 'sun/nio/fs/WindowsException'> (0x0575e470) thrown at [C:\workspace\8-2-build-windows-i586-cygwin\jdk8u92\6642\hotspot\src\share\vm\prims\jni.cpp, line 709]
Event: 2522.140 Thread 0x27865800 Exception <a 'sun/nio/fs/WindowsException'> (0x0575e9c8) thrown at [C:\workspace\8-2-build-windows-i586-cygwin\jdk8u92\6642\hotspot\src\share\vm\prims\jni.cpp, line 709]
Event: 2522.142 Thread 0x27865800 Exception <a 'sun/nio/fs/WindowsException'> (0x057743c0) thrown at [C:\workspace\8-2-build-windows-i586-cygwin\jdk8u92\6642\hotspot\src\share\vm\prims\jni.cpp, line 709]
Event: 2522.142 Thread 0x27865800 Exception <a 'sun/nio/fs/WindowsException'> (0x057748f0) thrown at [C:\workspace\8-2-build-windows-i586-cygwin\jdk8u92\6642\hotspot\src\share\vm\prims\jni.cpp, line 709]
Event: 2522.145 Thread 0x27865800 Exception <a 'sun/nio/fs/WindowsException'> (0x05795a30) thrown at [C:\workspace\8-2-build-windows-i586-cygwin\jdk8u92\6642\hotspot\src\share\vm\prims\jni.cpp, line 709]
Event: 2522.145 Thread 0x27865800 Exception <a 'sun/nio/fs/WindowsException'> (0x05795f88) thrown at [C:\workspace\8-2-build-windows-i586-cygwin\jdk8u92\6642\hotspot\src\share\vm\prims\jni.cpp, line 709]

Events (10 events):
Event: 5247.365 Thread 0x25370c00 flushing nmethod 0x02f16dc8
Event: 5251.005 Thread 0x25370c00 flushing nmethod 0x02f17008
Event: 5251.005 Thread 0x25370c00 flushing nmethod 0x02f17248
Event: 5251.005 Thread 0x25370c00 flushing nmethod 0x02f17648
Event: 5251.005 Thread 0x25370c00 flushing nmethod 0x02f17988
Event: 5251.005 Thread 0x25370c00 flushing nmethod 0x02f17c48
Event: 5251.005 Thread 0x25370c00 flushing nmethod 0x02f18008
Event: 5251.005 Thread 0x25370c00 flushing nmethod 0x02f18288
Event: 5251.005 Thread 0x25370c00 flushing nmethod 0x02f19208
Event: 5251.005 Thread 0x25370c00 flushing nmethod 0x02f193c8


Dynamic libraries:
0x013a0000 - 0x013d3000 	C:\Program Files (x86)\Arduino\java\bin\javaw.exe
0x77150000 - 0x772d2000 	C:\WINDOWS\SYSTEM32\ntdll.dll
0x76b50000 - 0x76c30000 	C:\WINDOWS\System32\KERNEL32.DLL
0x754a0000 - 0x75641000 	C:\WINDOWS\System32\KERNELBASE.dll
0x76e00000 - 0x76e77000 	C:\WINDOWS\System32\ADVAPI32.dll
0x76c30000 - 0x76cee000 	C:\WINDOWS\System32\msvcrt.dll
0x75de0000 - 0x75e21000 	C:\WINDOWS\System32\sechost.dll
0x76d30000 - 0x76df1000 	C:\WINDOWS\System32\RPCRT4.dll
0x73c10000 - 0x73c2e000 	C:\WINDOWS\System32\SspiCli.dll
0x73c00000 - 0x73c0a000 	C:\WINDOWS\System32\CRYPTBASE.dll
0x76580000 - 0x765da000 	C:\WINDOWS\System32\bcryptPrimitives.dll
0x76ff0000 - 0x7714f000 	C:\WINDOWS\System32\USER32.dll
0x75650000 - 0x75665000 	C:\WINDOWS\System32\win32u.dll
0x73d90000 - 0x73dbb000 	C:\WINDOWS\System32\GDI32.dll
0x73c30000 - 0x73d8b000 	C:\WINDOWS\System32\gdi32full.dll
0x6fe10000 - 0x7001a000 	C:\WINDOWS\WinSxS\x86_microsoft.windows.common-controls_6595b64144ccf1df_6.0.14393.447_none_89c64d28dafea4b9\COMCTL32.dll
0x76180000 - 0x76391000 	C:\WINDOWS\System32\combase.dll
0x75e40000 - 0x75f20000 	C:\WINDOWS\System32\ucrtbase.dll
0x74090000 - 0x740b5000 	C:\WINDOWS\System32\IMM32.DLL
0x58f40000 - 0x58fff000 	C:\Program Files (x86)\Arduino\java\bin\msvcr100.dll
0x58340000 - 0x5870b000 	C:\Program Files (x86)\Arduino\java\bin\client\jvm.dll
0x73dc0000 - 0x73dc6000 	C:\WINDOWS\System32\PSAPI.DLL
0x73580000 - 0x735a4000 	C:\WINDOWS\SYSTEM32\WINMM.dll
0x72ce0000 - 0x72ce8000 	C:\WINDOWS\SYSTEM32\VERSION.dll
0x72b20000 - 0x72b28000 	C:\WINDOWS\SYSTEM32\WSOCK32.dll
0x76080000 - 0x760e3000 	C:\WINDOWS\System32\WS2_32.dll
0x72da0000 - 0x72dc3000 	C:\WINDOWS\SYSTEM32\WINMMBASE.dll
0x76cf0000 - 0x76d26000 	C:\WINDOWS\System32\cfgmgr32.dll
0x5c250000 - 0x5c281000 	C:\Program Files (x86)\Arduino\java\bin\splashscreen.dll
0x72d20000 - 0x72d95000 	C:\WINDOWS\system32\uxtheme.dll
0x5c3d0000 - 0x5c3dc000 	C:\Program Files (x86)\Arduino\java\bin\verify.dll
0x5c220000 - 0x5c241000 	C:\Program Files (x86)\Arduino\java\bin\java.dll
0x73f50000 - 0x74085000 	C:\WINDOWS\System32\MSCTF.dll
0x75820000 - 0x758b4000 	C:\WINDOWS\System32\OLEAUT32.dll
0x75d50000 - 0x75dcb000 	C:\WINDOWS\System32\msvcp_win.dll
0x5b910000 - 0x5b923000 	C:\Program Files (x86)\Arduino\java\bin\zip.dll
0x75910000 - 0x7591d000 	C:\WINDOWS\System32\kernel.appcore.dll
0x740c0000 - 0x75499000 	C:\WINDOWS\System32\SHELL32.dll
0x765e0000 - 0x76b4e000 	C:\WINDOWS\System32\windows.storage.dll
0x758c0000 - 0x75905000 	C:\WINDOWS\System32\powrprof.dll
0x757d0000 - 0x75816000 	C:\WINDOWS\System32\shlwapi.dll
0x764f0000 - 0x76578000 	C:\WINDOWS\System32\shcore.dll
0x75e30000 - 0x75e3f000 	C:\WINDOWS\System32\profapi.dll
0x58df0000 - 0x58f35000 	C:\Program Files (x86)\Arduino\java\bin\awt.dll
0x73b60000 - 0x73bf2000 	C:\WINDOWS\SYSTEM32\apphelp.dll
0x72d00000 - 0x72d1f000 	C:\WINDOWS\system32\dwmapi.dll
0x76400000 - 0x764ea000 	C:\WINDOWS\System32\ole32.dll
0x61740000 - 0x6176c000 	C:\Program Files (x86)\Arduino\lib\listSerialsj.dll
0x75940000 - 0x75d4b000 	C:\WINDOWS\System32\SETUPAPI.dll
0x72980000 - 0x72993000 	C:\WINDOWS\SYSTEM32\CRYPTSP.dll
0x72640000 - 0x7266f000 	C:\WINDOWS\system32\rsaenh.dll
0x73680000 - 0x7369b000 	C:\WINDOWS\SYSTEM32\bcrypt.dll
0x73b10000 - 0x73b2a000 	C:\WINDOWS\SYSTEM32\USERENV.dll
0x5b8f0000 - 0x5b906000 	C:\Program Files (x86)\Arduino\java\bin\net.dll
0x72670000 - 0x726be000 	C:\WINDOWS\system32\mswsock.dll
0x73ab0000 - 0x73adf000 	C:\WINDOWS\SYSTEM32\IPHLPAPI.DLL
0x76010000 - 0x76017000 	C:\WINDOWS\System32\NSI.dll
0x71a60000 - 0x71a73000 	C:\WINDOWS\SYSTEM32\dhcpcsvc6.DLL
0x71a40000 - 0x71a54000 	C:\WINDOWS\SYSTEM32\dhcpcsvc.DLL
0x5b8e0000 - 0x5b8ef000 	C:\Program Files (x86)\Arduino\java\bin\nio.dll
0x26dc0000 - 0x26dfd000 	C:\Users\willi\AppData\Local\Temp\jna--1483301138\jna1823040628921199055.dll
0x58db0000 - 0x58de9000 	C:\Program Files (x86)\Arduino\java\bin\fontmanager.dll
0x58d70000 - 0x58da2000 	C:\Program Files (x86)\Arduino\java\bin\t2k.dll
0x71de0000 - 0x71e5c000 	C:\WINDOWS\SYSTEM32\DNSAPI.dll
0x70b90000 - 0x70bb5000 	C:\Program Files (x86)\Bonjour\mdnsNSP.dll
0x70b70000 - 0x70b78000 	C:\Windows\System32\rasadhlp.dll
0x6fd00000 - 0x6fd49000 	C:\WINDOWS\System32\fwpuclnt.dll
0x58970000 - 0x589d9000 	C:\Program Files (x86)\Arduino\msvcp100.dll
0x588b0000 - 0x5896e000 	C:\Program Files (x86)\Arduino\msvcr100.dll
0x266f0000 - 0x26722000 	C:\Program Files (x86)\Arduino\lib\AStylej.dll
0x58af0000 - 0x58b14000 	C:\Program Files (x86)\Arduino\java\bin\dcpr.dll
0x760f0000 - 0x76174000 	C:\WINDOWS\System32\clbcatq.dll
0x65740000 - 0x658ae000 	C:\WINDOWS\SYSTEM32\WindowsCodecs.dll
0x6ee60000 - 0x6eea4000 	C:\WINDOWS\system32\dataexchange.dll
0x6f040000 - 0x6f26f000 	C:\WINDOWS\system32\d3d11.dll
0x6da30000 - 0x6db43000 	C:\WINDOWS\system32\dcomp.dll
0x6efb0000 - 0x6f034000 	C:\WINDOWS\system32\dxgi.dll
0x6d930000 - 0x6da21000 	C:\WINDOWS\system32\twinapi.appcore.dll
0x72950000 - 0x72972000 	C:\WINDOWS\SYSTEM32\DEVOBJ.dll
0x76020000 - 0x76064000 	C:\WINDOWS\System32\WINTRUST.dll
0x75dd0000 - 0x75dde000 	C:\WINDOWS\System32\MSASN1.dll
0x73dd0000 - 0x73f4d000 	C:\WINDOWS\System32\CRYPT32.dll
0x64000000 - 0x6401b000 	C:\Users\willi\.jssc\windows\jSSC-2.8_x86.dll
0x6ec40000 - 0x6ed85000 	C:\WINDOWS\SYSTEM32\dbghelp.dll

VM Arguments:
jvm_args: -Dsun.java2d.d3d=false -Djna.nosys=true -DAPP_DIR=C:\Program Files (x86)\Arduino -Xms128M -Xmx512M 
java_command: processing.app.Base C:\Users\willi\Documents\OneDrive\Project Archive\Sketches\activables-ReadData\activables-ReadData.ino
java_class_path (initial): C:\Program Files (x86)\Arduino\lib\apple.jar;C:\Program Files (x86)\Arduino\lib\arduino-core.jar;C:\Program Files (x86)\Arduino\lib\batik-1.8.jar;C:\Program Files (x86)\Arduino\lib\batik-anim-1.8.jar;C:\Program Files (x86)\Arduino\lib\batik-awt-util-1.8.jar;C:\Program Files (x86)\Arduino\lib\batik-bridge-1.8.jar;C:\Program Files (x86)\Arduino\lib\batik-codec-1.8.jar;C:\Program Files (x86)\Arduino\lib\batik-css-1.8.jar;C:\Program Files (x86)\Arduino\lib\batik-dom-1.8.jar;C:\Program Files (x86)\Arduino\lib\batik-ext-1.8.jar;C:\Program Files (x86)\Arduino\lib\batik-gvt-1.8.jar;C:\Program Files (x86)\Arduino\lib\batik-parser-1.8.jar;C:\Program Files (x86)\Arduino\lib\batik-rasterizer-1.8.jar;C:\Program Files (x86)\Arduino\lib\batik-script-1.8.jar;C:\Program Files (x86)\Arduino\lib\batik-squiggle-1.8.jar;C:\Program Files (x86)\Arduino\lib\batik-svg-dom-1.8.jar;C:\Program Files (x86)\Arduino\lib\batik-svgpp-1.8.jar;C:\Program Files (x86)\Arduino\lib\batik-transcoder-1.8.jar;C:\Program Files (x86)\Arduino\lib\batik-util-1.8.jar;C:\Program Files (x86)\Arduino\lib\batik-xml-1.8.jar;C:\Program Files (x86)\Arduino\lib\bcpg-jdk15on-152.jar;C:\Program Files (x86)\Arduino\lib\bcprov-jdk15on-152.jar;C:\Program Files (x86)\Arduino\lib\commons-codec-1.7.jar;C:\Program Files (x86)\Arduino\lib\commons-compress-1.8.jar;C:\Program Files (x86)\Arduino\lib\commons-exec-1.1.jar;C:\Program Files (x86)\Arduino\lib\commons-httpclient-3.1.jar;C:\Program Files (x86)\Arduino\lib\commons-lang3-3.3.2.jar;C:\Program Files (x86)\Arduino\lib\commons-logging-1.0.4.jar;C:\Program Files (x86)\Arduino\lib\commons-net-3.3.jar;C:\Program Files (x86)\Arduino\lib\jackson-annotations-2.6.3.jar;C:\Program Files (x86)\Arduino\lib\jackson-core-2.6.3.jar;C:\Program Files (x86)\Arduino\lib\jackson-databind-2.6.3.jar;C:\Program Files (x86)\Arduino\lib\jackson-module-mrbean-2.6.3.jar;C:\Program Files (x86)\Arduino\lib\java-semver-0.8.0.jar;C:\Program Files (x86)\Arduino\lib\jmdns-3.4.1.j
Launcher Type: SUN_STANDARD

Environment Variables:
PATH=C:\ProgramData\Oracle\Java\javapath;C:\WINDOWS\system32;C:\WINDOWS;C:\WINDOWS\System32\Wbem;C:\WINDOWS\System32\WindowsPowerShell\v1.0\;C:\Program Files (x86)\Skype\Phone\;C:\Program Files (x86)\Windows Kits\10\Windows Performance Toolkit\;C:\Program Files\SlikSvn\bin;C:\Program Files\MATLAB\R2016a\bin;C:\gstreamer\1.0\x86_64\bin;C:\Program Files\gs\gs9.19\lib;C:\Program Files\gs\gs9.19\bin;C:\Program Files (x86)\PuTTY\;C:\Program Files (x86)\QuickTime Alternative\QTSystem;C:\Program Files\Intel\WiFi\bin\;C:\Program Files\Common Files\Intel\WirelessCommon\;C:\ProgramData\Oracle\Java\javapath;C:\Windows\system32;C:\Windows;C:\Windows\System32\Wbem;C:\Windows\System32\WindowsPowerShell\v1.0\;C:\Program Files (x86)\Skype\Phone\;C:\Program Files (x86)\Windows Kits\10\Windows Performance Toolkit\;C:\processing32\processing-3.0.1;C:\ffmpeg\;C:\Users\willi\AppData\Local\Microsoft\WindowsApps;C:\arduino-1.6.7;C:\Program Files (x86)\PuTTY;C:\Program Files\Intel\WiFi\bin\;C:\Program Files\Common Files\Intel\WirelessCommon\;C:\Program Files (x86)\Arduino\java\bin
USERNAME=Lappy486
OS=Windows_NT
PROCESSOR_IDENTIFIER=Intel64 Family 6 Model 69 Stepping 1, GenuineIntel



---------------  S Y S T E M  ---------------

OS: Windows 10.0 , 64 bit Build 14393 (10.0.14393.0)

CPU:total 4 (2 cores per cpu, 2 threads per core) family 6 model 69 stepping 1, cmov, cx8, fxsr, mmx, sse, sse2, sse3, ssse3, sse4.1, sse4.2, popcnt, avx, avx2, aes, clmul, erms, lzcnt, ht, tsc, tscinvbit, bmi1, bmi2

Memory: 4k page, physical 12262108k(7787524k free), swap 14097116k(9001328k free)

vm_info: Java HotSpot(TM) Client VM (25.92-b14) for windows-x86 JRE (1.8.0_92-b14), built on Mar 31 2016 21:09:21 by "java_re" with MS VC++ 10.0 (VS2010)

time: Thu Dec 01 14:57:26 2016
elapsed time: 5253 seconds (0d 1h 27m 33s)

